[09-Jun-2022 13:01:36 America/New_York] PHP Warning:  require(/home/awesduly/shortdownloader.com/img/../../vendor/autoload.php): Failed to open stream: No such file or directory in /home/awesduly/shortdownloader.com/img/index.php on line 3
[09-Jun-2022 13:01:36 America/New_York] PHP Fatal error:  Uncaught Error: Failed opening required '/home/awesduly/shortdownloader.com/img/../../vendor/autoload.php' (include_path='.:/opt/alt/php81/usr/share/pear:/opt/alt/php81/usr/share/php:/usr/share/pear:/usr/share/php') in /home/awesduly/shortdownloader.com/img/index.php:3
Stack trace:
#0 {main}
  thrown in /home/awesduly/shortdownloader.com/img/index.php on line 3
[09-Jun-2022 13:02:27 America/New_York] PHP Warning:  require(/home/awesduly/shortdownloader.com/img/../../vendor/autoload.php): Failed to open stream: No such file or directory in /home/awesduly/shortdownloader.com/img/index.php on line 3
[09-Jun-2022 13:02:27 America/New_York] PHP Fatal error:  Uncaught Error: Failed opening required '/home/awesduly/shortdownloader.com/img/../../vendor/autoload.php' (include_path='.:/opt/alt/php81/usr/share/pear:/opt/alt/php81/usr/share/php:/usr/share/pear:/usr/share/php') in /home/awesduly/shortdownloader.com/img/index.php:3
Stack trace:
#0 {main}
  thrown in /home/awesduly/shortdownloader.com/img/index.php on line 3
[09-Jun-2022 13:09:57 America/New_York] PHP Warning:  compact(): Undefined variable $shorts in /home/awesduly/shortdownloader.com/img/index.php on line 16
[09-Jun-2022 13:09:57 America/New_York] PHP Fatal error:  Uncaught ReflectionException: Class "view" does not exist in /home/awesduly/ibrahim/vendor/laravel/framework/src/Illuminate/Container/Container.php:875
Stack trace:
#0 /home/awesduly/ibrahim/vendor/laravel/framework/src/Illuminate/Container/Container.php(875): ReflectionClass->__construct()
#1 /home/awesduly/ibrahim/vendor/laravel/framework/src/Illuminate/Container/Container.php(756): Illuminate\Container\Container->build()
#2 /home/awesduly/ibrahim/vendor/laravel/framework/src/Illuminate/Foundation/Application.php(855): Illuminate\Container\Container->resolve()
#3 /home/awesduly/ibrahim/vendor/laravel/framework/src/Illuminate/Container/Container.php(692): Illuminate\Foundation\Application->resolve()
#4 /home/awesduly/ibrahim/vendor/laravel/framework/src/Illuminate/Foundation/Application.php(840): Illuminate\Container\Container->make()
#5 /home/awesduly/ibrahim/vendor/laravel/framework/src/Illuminate/Foundation/helpers.php(119): Illuminate\Foundation\Application->make()
#6 /home/awesduly/ibrahim/vendor/laravel/framework/src/Illuminate/Foundation/helpers.php(942): app()
#7 /home/awesduly/shortdownloader.com/img/index.php(16): view()
#8 {main}

Next Illuminate\Contracts\Container\BindingResolutionException: Target class [view] does not exist. in /home/awesduly/ibrahim/vendor/laravel/framework/src/Illuminate/Container/Container.php:877
Stack trace:
#0 /home/awesduly/ibrahim/vendor/laravel/framework/src/Illuminate/Container/Container.php(756): Illuminate\Container\Container->build()
#1 /home/awesduly/ibrahim/vendor/laravel/framework/src/Illuminate/Foundation/Application.php(855): Illuminate\Container\Container->resolve()
#2 /home/awesduly/ibrahim/vendor/laravel/framework/src/Illuminate/Container/Container.php(692): Illuminate\Foundation\Application->resolve()
#3 /home/awesduly/ibrahim/vendor/laravel/framework/src/Illuminate/Foundation/Application.php(840): Illuminate\Container\Container->make()
#4 /home/awesduly/ibrahim/vendor/laravel/framework/src/Illuminate/Foundation/helpers.php(119): Illuminate\Foundation\Application->make()
#5 /home/awesduly/ibrahim/vendor/laravel/framework/src/Illuminate/Foundation/helpers.php(942): app()
#6 /home/awesduly/shortdownloader.com/img/index.php(16): view()
#7 {main}
  thrown in /home/awesduly/ibrahim/vendor/laravel/framework/src/Illuminate/Container/Container.php on line 877
